<?xml version="1.0" encoding="UTF-8"?>
<!-- Generated by org.testng.reporters.JUnitReportReporter -->
<testsuite skipped="0" hostname="Admins-MBP-2.Dlink" name="testScripts.TC001" tests="1" failures="0" timestamp="13 Oct 2019 05:50:08 GMT" time="46.962" errors="0">
  <testcase name="TC001" time="46.962" classname="testScripts.TC001"/>
</testsuite> <!-- testScripts.TC001 -->
